============================================================
PTv3 + EMA + RFG Slurm Training
============================================================
Host:        useast1-com-prod-gpu04
Job ID:      33274443
Array ID:    19
Python:      .venv/bin/python
Config:      config/seg/seg_pointtransformer_v3_EMA.yaml
Save path:   exp/seg/pointtransformer_v3_EMA_RFG_LCE_S05_run19
Submit dir:  /mnt/users/xj62kv/Point-cloud-segmentation
Start time:  2026-05-15 22:36:37
============================================================
Totally 4 samples in train set.
Totally 1 samples in val set.
Totally 4 samples in train set.
Totally 1 samples in val set.
============================================================
Finished time: 2026-05-16 08:44:06
Best model:    exp/seg/pointtransformer_v3_EMA_RFG_LCE_S05_run19/model/model_best.pth
Last model:    exp/seg/pointtransformer_v3_EMA_RFG_LCE_S05_run19/model/model_last.pth
============================================================
