============================================================
PTv3 + EMA + RFG Slurm Training
============================================================
Host:        useast1-com-prod-gpu05
Job ID:      33020323
Array ID:    16
Python:      .venv/bin/python
Config:      config/seg/seg_pointtransformer_v3_EMA.yaml
Save path:   exp/seg/pointtransformer_v3_EMA_RFG_S03_run16
Submit dir:  /mnt/users/xj62kv/Point-cloud-segmentation
Start time:  2026-05-13 22:51:12
============================================================
Totally 4 samples in train set.
Totally 1 samples in val set.
Totally 4 samples in train set.
Totally 1 samples in val set.
============================================================
Finished time: 2026-05-14 08:59:36
Best model:    exp/seg/pointtransformer_v3_EMA_RFG_S03_run16/model/model_best.pth
Last model:    exp/seg/pointtransformer_v3_EMA_RFG_S03_run16/model/model_last.pth
============================================================
