============================================================
PTv3 + EMA + RFG Slurm Training
============================================================
Host:        useast1-com-prod-gpu04
Job ID:      33020324
Array ID:    15
Python:      .venv/bin/python
Config:      config/seg/seg_pointtransformer_v3_EMA.yaml
Save path:   exp/seg/pointtransformer_v3_EMA_RFG_S03_run15
Submit dir:  /mnt/users/xj62kv/Point-cloud-segmentation
Start time:  2026-05-13 22:51:12
============================================================
Totally 4 samples in train set.
Totally 1 samples in val set.
Totally 4 samples in train set.
Totally 1 samples in val set.
============================================================
Finished time: 2026-05-14 09:01:05
Best model:    exp/seg/pointtransformer_v3_EMA_RFG_S03_run15/model/model_best.pth
Last model:    exp/seg/pointtransformer_v3_EMA_RFG_S03_run15/model/model_last.pth
============================================================
