============================================================
PTv3 + EMA + RFG Slurm Training
============================================================
Host:        useast1-com-prod-gpu02
Job ID:      32870629
Array ID:    9
Python:      .venv/bin/python
Config:      config/seg/seg_pointtransformer_v3_EMA.yaml
Save path:   exp/seg/pointtransformer_v3_EMA_RFG_run9
Submit dir:  /mnt/users/xj62kv/Point-cloud-segmentation
Start time:  2026-05-11 21:10:59
============================================================
Totally 4 samples in train set.
Totally 1 samples in val set.
Totally 4 samples in train set.
Totally 1 samples in val set.
============================================================
Finished time: 2026-05-12 07:22:13
Best model:    exp/seg/pointtransformer_v3_EMA_RFG_run9/model/model_best.pth
Last model:    exp/seg/pointtransformer_v3_EMA_RFG_run9/model/model_last.pth
============================================================
