============================================================
PTv3 + EMA + RFG Slurm Training
============================================================
Host:        useast1-com-prod-gpu06
Job ID:      32999596
Array ID:    14
Python:      .venv/bin/python
Config:      config/seg/seg_pointtransformer_v3_EMA.yaml
Save path:   exp/seg/pointtransformer_v3_EMA_RFG_S02_run14
Submit dir:  /mnt/users/xj62kv/Point-cloud-segmentation
Start time:  2026-05-13 09:09:10
============================================================
Totally 4 samples in train set.
Totally 1 samples in val set.
Totally 4 samples in train set.
Totally 1 samples in val set.
============================================================
Finished time: 2026-05-13 19:12:39
Best model:    exp/seg/pointtransformer_v3_EMA_RFG_S02_run14/model/model_best.pth
Last model:    exp/seg/pointtransformer_v3_EMA_RFG_S02_run14/model/model_last.pth
============================================================
