[2026-05-09 14:13:36,780 INFO inference.py line 329 1515237] ============================================================
[2026-05-09 14:13:36,781 INFO inference.py line 330 1515237] Point Transformer V3 Inference
[2026-05-09 14:13:36,781 INFO inference.py line 331 1515237] ============================================================
[2026-05-09 14:13:36,781 INFO inference.py line 332 1515237] Config: arch: pointtransformer_v3
base_lr: 0.001
batch_size: 2
batch_size_infer: 10
batch_size_test: 2
batch_size_val: 2
classes: 3
data_name: s3dis
data_root: data
dist_backend: nccl
dist_url: tcp://localhost:8888
drop_rate: 0.05
ema_factor: 32
ema_fusion_weight: 0.1
ema_stages: None
enable_ema: True
ensemble_runs: 3
epochs: 100
eval_freq: 1
evaluate: True
fea_dim: 3
ignore_label: 255
input_file: data/val/data2_formatted_downsampled (1).txt
loop: 50
manual_seed: 7777
model_path: exp/seg/pointtransformer_v3_EMA_GRN_run1/model/model_best.pth
momentum: 0.9
multiplier: 0.1
multiprocessing_distributed: True
names_path: None
output_file: exp/seg/pointtransformer_v3_EMA_GRN_run1/inference_results/data2_formatted_downsampled (1)_pred.txt
print_freq: 1
rank: 0
resume: None
save_folder: None
save_freq: 1
save_path: None
split: test
start_epoch: 0
step_epoch: 20
sync_bn: False
test_area: 6
test_gpu: [0]
test_workers: 4
train_gpu: [0]
use_xyz: True
voxel_max: 30000
voxel_size: 0.04
weight: None
weight_decay: 0.0001
workers: 16
world_size: 1
[2026-05-09 14:13:36,781 INFO inference.py line 334 1515237] => Creating model ...
/net/8k3/e0fs01/users/xj62kv/Point-cloud-segmentation/.venv/lib/python3.10/site-packages/spconv/pytorch/functional.py:47: FutureWarning: `torch.cuda.amp.custom_fwd(args...)` is deprecated. Please use `torch.amp.custom_fwd(args..., device_type='cuda')` instead.
  _TORCH_CUSTOM_FWD = amp.custom_fwd(cast_inputs=torch.float16)
/net/8k3/e0fs01/users/xj62kv/Point-cloud-segmentation/.venv/lib/python3.10/site-packages/spconv/pytorch/functional.py:97: FutureWarning: `torch.cuda.amp.custom_bwd(args...)` is deprecated. Please use `torch.amp.custom_bwd(args..., device_type='cuda')` instead.
  def backward(ctx, grad_output):
/net/8k3/e0fs01/users/xj62kv/Point-cloud-segmentation/.venv/lib/python3.10/site-packages/spconv/pytorch/functional.py:163: FutureWarning: `torch.cuda.amp.custom_bwd(args...)` is deprecated. Please use `torch.amp.custom_bwd(args..., device_type='cuda')` instead.
  def backward(ctx, grad_output):
/net/8k3/e0fs01/users/xj62kv/Point-cloud-segmentation/.venv/lib/python3.10/site-packages/spconv/pytorch/functional.py:243: FutureWarning: `torch.cuda.amp.custom_bwd(args...)` is deprecated. Please use `torch.amp.custom_bwd(args..., device_type='cuda')` instead.
  def backward(ctx, grad_output):
/net/8k3/e0fs01/users/xj62kv/Point-cloud-segmentation/.venv/lib/python3.10/site-packages/spconv/pytorch/functional.py:332: FutureWarning: `torch.cuda.amp.custom_bwd(args...)` is deprecated. Please use `torch.amp.custom_bwd(args..., device_type='cuda')` instead.
  def backward(ctx, grad_output):
/net/8k3/e0fs01/users/xj62kv/Point-cloud-segmentation/.venv/lib/python3.10/site-packages/spconv/pytorch/functional.py:369: FutureWarning: `torch.cuda.amp.custom_bwd(args...)` is deprecated. Please use `torch.amp.custom_bwd(args..., device_type='cuda')` instead.
  def backward(ctx, grad_output):
/net/8k3/e0fs01/users/xj62kv/Point-cloud-segmentation/.venv/lib/python3.10/site-packages/spconv/pytorch/functional.py:389: FutureWarning: `torch.cuda.amp.custom_bwd(args...)` is deprecated. Please use `torch.amp.custom_bwd(args..., device_type='cuda')` instead.
  def backward(ctx, grad_output):
/net/8k3/e0fs01/users/xj62kv/Point-cloud-segmentation/.venv/lib/python3.10/site-packages/spconv/pytorch/functional.py:412: FutureWarning: `torch.cuda.amp.custom_bwd(args...)` is deprecated. Please use `torch.amp.custom_bwd(args..., device_type='cuda')` instead.
  def backward(ctx, grad_output):
/net/8k3/e0fs01/users/xj62kv/Point-cloud-segmentation/.venv/lib/python3.10/site-packages/timm/models/layers/__init__.py:49: FutureWarning: Importing from timm.models.layers is deprecated, please import via timm.layers
  warnings.warn(f"Importing from {__name__} is deprecated, please import via timm.layers", FutureWarning)
[2026-05-09 14:14:51,456 INFO inference.py line 357 1515237] Model: pointtransformer_v3, in_channels=3, classes=3
[2026-05-09 14:14:51,456 INFO inference.py line 359 1515237] EMA enabled: factor=32, stages=None, fusion_weight=0.1
[2026-05-09 14:14:51,456 INFO inference.py line 363 1515237] => Loading checkpoint 'exp/seg/pointtransformer_v3_EMA_GRN_run1/model/model_best.pth'
/net/8k3/e0fs01/users/xj62kv/Point-cloud-segmentation/tool/inference.py:364: FutureWarning: You are using `torch.load` with `weights_only=False` (the current default value), which uses the default pickle module implicitly. It is possible to construct malicious pickle data which will execute arbitrary code during unpickling (See https://github.com/pytorch/pytorch/blob/main/SECURITY.md#untrusted-models for more details). In a future release, the default value for `weights_only` will be flipped to `True`. This limits the functions that could be executed during unpickling. Arbitrary objects will no longer be allowed to be loaded via this mode unless they are explicitly allowlisted by the user via `torch.serialization.add_safe_globals`. We recommend you start setting `weights_only=True` for any use case where you don't have full control of the loaded file. Please open an issue on GitHub for any issues related to this experimental feature.
  checkpoint = torch.load(args.model_path)
Traceback (most recent call last):
  File "/net/8k3/e0fs01/users/xj62kv/Point-cloud-segmentation/tool/inference.py", line 399, in <module>
    main()
  File "/net/8k3/e0fs01/users/xj62kv/Point-cloud-segmentation/tool/inference.py", line 372, in main
    model.load_state_dict(new_state_dict, strict=True)
  File "/net/8k3/e0fs01/users/xj62kv/Point-cloud-segmentation/.venv/lib/python3.10/site-packages/torch/nn/modules/module.py", line 2584, in load_state_dict
    raise RuntimeError(
RuntimeError: Error(s) in loading state_dict for PointTransformerV3:
	Missing key(s) in state_dict: "dec.dec1.ssm1.fusion_weight", "dec.dec1.ssm1.norm.weight", "dec.dec1.ssm1.norm.bias", "dec.dec1.ssm1.in_proj.weight", "dec.dec1.ssm1.forward_mixer.weight", "dec.dec1.ssm1.backward_mixer.weight", "dec.dec1.ssm1.out_proj.weight", "dec.dec1.ssm1.channel_gate.weight", "dec.dec0.ssm0.fusion_weight", "dec.dec0.ssm0.norm.weight", "dec.dec0.ssm0.norm.bias", "dec.dec0.ssm0.in_proj.weight", "dec.dec0.ssm0.forward_mixer.weight", "dec.dec0.ssm0.backward_mixer.weight", "dec.dec0.ssm0.out_proj.weight", "dec.dec0.ssm0.channel_gate.weight". 
